mode: set
bitcask/bitcask.go:42.69,43.58 1 1
bitcask/bitcask.go:48.2,50.16 2 1
bitcask/bitcask.go:43.58,45.3 1 1
bitcask/bitcask.go:57.52,58.16 1 1
bitcask/bitcask.go:61.2,65.40 4 1
bitcask/bitcask.go:69.2,69.49 1 1
bitcask/bitcask.go:58.16,60.3 1 1
bitcask/bitcask.go:65.40,67.3 1 1
bitcask/bitcask.go:69.49,72.3 1 1
bitcask/bitcask.go:72.8,76.17 4 1
bitcask/bitcask.go:80.3,81.17 2 1
bitcask/bitcask.go:86.3,86.19 1 1
bitcask/bitcask.go:76.17,78.4 1 1
bitcask/bitcask.go:81.17,84.4 1 1
bitcask/bitcask.go:92.49,93.32 1 1
bitcask/bitcask.go:97.2,97.32 1 1
bitcask/bitcask.go:102.2,105.26 3 1
bitcask/bitcask.go:117.2,117.12 1 1
bitcask/bitcask.go:93.32,95.3 1 1
bitcask/bitcask.go:97.32,99.3 1 1
bitcask/bitcask.go:105.26,106.46 1 1
bitcask/bitcask.go:106.46,109.4 1 1
bitcask/bitcask.go:109.9,111.4 1 1
bitcask/bitcask.go:113.8,115.3 1 1
bitcask/bitcask.go:120.45,122.2 1 0
bitcask/bitcask.go:125.40,128.29 2 1
bitcask/bitcask.go:132.2,132.41 1 1
bitcask/bitcask.go:136.2,136.15 1 1
bitcask/bitcask.go:128.29,130.3 1 1
bitcask/bitcask.go:132.41,134.3 1 1
bitcask/bitcask.go:139.69,141.2 1 0
bitcask/bitcask.go:143.34,145.2 1 0
bitcask/bitcask.go:154.33,155.32 1 0
bitcask/bitcask.go:159.2,159.33 1 0
bitcask/bitcask.go:167.2,167.12 1 0
bitcask/bitcask.go:155.32,157.3 1 0
bitcask/bitcask.go:159.33,161.17 2 0
bitcask/bitcask.go:164.3,164.29 1 0
bitcask/bitcask.go:161.17,163.4 1 0
bitcask/bitcask.go:170.34,172.2 1 0
bitcask/bitcask_helpers.go:15.67,22.19 6 1
bitcask/bitcask_helpers.go:28.2,28.26 1 1
bitcask/bitcask_helpers.go:33.2,34.16 2 1
bitcask/bitcask_helpers.go:40.2,48.16 2 1
bitcask/bitcask_helpers.go:22.19,24.3 1 1
bitcask/bitcask_helpers.go:24.8,26.3 1 1
bitcask/bitcask_helpers.go:28.26,30.3 1 1
bitcask/bitcask_helpers.go:34.16,36.3 1 1
bitcask/bitcask_helpers.go:36.8,38.3 1 1
bitcask/bitcask_helpers.go:51.48,58.21 6 1
bitcask/bitcask_helpers.go:77.2,77.15 1 1
bitcask/bitcask_helpers.go:58.21,75.3 8 1
bitcask/bitcask_helpers.go:80.67,89.2 4 1
bitcask/bitcask_helpers.go:91.46,92.42 1 1
bitcask/bitcask_helpers.go:95.2,95.12 1 1
bitcask/bitcask_helpers.go:92.42,94.3 1 1
bitcask/bitcask_helpers.go:98.65,101.41 2 1
bitcask/bitcask_helpers.go:104.2,105.12 2 1
bitcask/bitcask_helpers.go:101.41,103.3 1 0
bitcask/bitcask_helpers.go:108.56,115.2 3 1
bitcask/bitcask_helpers.go:117.76,135.2 12 1
bitcask/bitcask_helpers.go:137.56,140.39 3 1
bitcask/bitcask_helpers.go:148.2,150.16 2 1
bitcask/bitcask_helpers.go:140.39,146.3 4 0
bitcask/bitcask_helpers.go:153.71,160.2 1 1
bitcask/errors.go:11.38,13.2 1 1
