mode: set
bitcask/bitcask.go:40.69,41.58 1 1
bitcask/bitcask.go:46.2,48.16 2 1
bitcask/bitcask.go:41.58,43.3 1 1
bitcask/bitcask.go:55.52,56.16 1 1
bitcask/bitcask.go:59.2,63.40 4 1
bitcask/bitcask.go:67.2,67.49 1 1
bitcask/bitcask.go:56.16,58.3 1 1
bitcask/bitcask.go:63.40,65.3 1 1
bitcask/bitcask.go:67.49,70.3 1 1
bitcask/bitcask.go:70.8,74.17 4 1
bitcask/bitcask.go:78.3,79.17 2 1
bitcask/bitcask.go:84.3,84.19 1 1
bitcask/bitcask.go:74.17,76.4 1 1
bitcask/bitcask.go:79.17,82.4 1 1
bitcask/bitcask.go:90.49,91.32 1 1
bitcask/bitcask.go:95.2,95.32 1 1
bitcask/bitcask.go:99.2,100.26 2 1
bitcask/bitcask.go:112.2,112.12 1 1
bitcask/bitcask.go:91.32,93.3 1 1
bitcask/bitcask.go:95.32,97.3 1 1
bitcask/bitcask.go:100.26,101.46 1 1
bitcask/bitcask.go:101.46,104.4 1 1
bitcask/bitcask.go:104.9,106.4 1 1
bitcask/bitcask.go:108.8,110.3 1 1
bitcask/bitcask.go:115.45,117.2 1 0
bitcask/bitcask.go:120.40,123.33 2 0
bitcask/bitcask.go:127.2,127.29 1 0
bitcask/bitcask.go:131.2,131.15 1 0
bitcask/bitcask.go:123.33,125.3 1 0
bitcask/bitcask.go:127.29,129.3 1 0
bitcask/bitcask.go:134.69,136.2 1 0
bitcask/bitcask.go:138.34,140.2 1 0
bitcask/bitcask.go:149.33,150.32 1 0
bitcask/bitcask.go:154.2,154.33 1 0
bitcask/bitcask.go:162.2,162.12 1 0
bitcask/bitcask.go:150.32,152.3 1 0
bitcask/bitcask.go:154.33,156.17 2 0
bitcask/bitcask.go:159.3,159.29 1 0
bitcask/bitcask.go:156.17,158.4 1 0
bitcask/bitcask.go:165.34,167.2 1 0
bitcask/bitcask_helpers.go:15.67,22.19 6 1
bitcask/bitcask_helpers.go:28.2,28.26 1 1
bitcask/bitcask_helpers.go:33.2,34.16 2 1
bitcask/bitcask_helpers.go:40.2,48.16 2 1
bitcask/bitcask_helpers.go:22.19,24.3 1 1
bitcask/bitcask_helpers.go:24.8,26.3 1 1
bitcask/bitcask_helpers.go:28.26,30.3 1 1
bitcask/bitcask_helpers.go:34.16,36.3 1 1
bitcask/bitcask_helpers.go:36.8,38.3 1 1
bitcask/bitcask_helpers.go:51.48,58.21 6 1
bitcask/bitcask_helpers.go:77.2,77.15 1 1
bitcask/bitcask_helpers.go:58.21,75.3 8 1
bitcask/bitcask_helpers.go:80.67,89.2 4 1
bitcask/bitcask_helpers.go:91.46,92.42 1 1
bitcask/bitcask_helpers.go:95.2,95.12 1 1
bitcask/bitcask_helpers.go:92.42,94.3 1 1
bitcask/bitcask_helpers.go:98.65,104.41 4 1
bitcask/bitcask_helpers.go:107.2,108.12 2 1
bitcask/bitcask_helpers.go:104.41,106.3 1 0
bitcask/bitcask_helpers.go:111.56,121.2 5 1
bitcask/bitcask_helpers.go:123.76,141.2 12 1
bitcask/bitcask_helpers.go:143.56,146.39 3 1
bitcask/bitcask_helpers.go:154.2,156.16 2 1
bitcask/bitcask_helpers.go:146.39,152.3 4 0
bitcask/bitcask_helpers.go:159.71,166.2 1 1
bitcask/errors.go:11.38,13.2 1 1
